  Main.cpp
C:\Users\JTSte\source\repos\FluidSim\FluidSim\src\Main.cpp(206,18): warning C4305: '=': truncation from 'double' to 'float'
C:\Users\JTSte\source\repos\FluidSim\FluidSim\src\Main.cpp(208,20): warning C4305: '=': truncation from 'double' to 'float'
C:\Users\JTSte\source\repos\FluidSim\FluidSim\src\Main.cpp(254,18): warning C4244: 'initializing': conversion from 'double' to 'float', possible loss of data
C:\Users\JTSte\source\repos\FluidSim\FluidSim\src\Main.cpp(302,18): warning C4244: 'initializing': conversion from 'int' to 'float', possible loss of data
C:\Users\JTSte\source\repos\FluidSim\FluidSim\src\Main.cpp(378,20): warning C4244: '=': conversion from 'int' to 'float', possible loss of data
C:\Users\JTSte\source\repos\FluidSim\FluidSim\src\Main.cpp(379,20): warning C4244: '=': conversion from 'int' to 'float', possible loss of data
C:\Users\JTSte\source\repos\FluidSim\FluidSim\src\Main.cpp(380,29): warning C4244: 'argument': conversion from 'float' to 'int', possible loss of data
C:\Users\JTSte\source\repos\FluidSim\FluidSim\src\Main.cpp(380,22): warning C4244: 'argument': conversion from 'float' to 'int', possible loss of data
C:\Users\JTSte\source\repos\FluidSim\FluidSim\src\Main.cpp(381,30): warning C4244: 'argument': conversion from 'float' to 'int', possible loss of data
C:\Users\JTSte\source\repos\FluidSim\FluidSim\src\Main.cpp(381,23): warning C4244: 'argument': conversion from 'float' to 'int', possible loss of data
C:\Users\JTSte\source\repos\FluidSim\FluidSim\src\Main.cpp(393,63): warning C4244: '=': conversion from '_Ty' to '_Ty', possible loss of data
C:\Users\JTSte\source\repos\FluidSim\FluidSim\src\Main.cpp(393,63): warning C4244:         with
C:\Users\JTSte\source\repos\FluidSim\FluidSim\src\Main.cpp(393,63): warning C4244:         [
C:\Users\JTSte\source\repos\FluidSim\FluidSim\src\Main.cpp(393,63): warning C4244:             _Ty=float
C:\Users\JTSte\source\repos\FluidSim\FluidSim\src\Main.cpp(393,63): warning C4244:         ]
C:\Users\JTSte\source\repos\FluidSim\FluidSim\src\Main.cpp(393,63): warning C4244:         and
C:\Users\JTSte\source\repos\FluidSim\FluidSim\src\Main.cpp(393,63): warning C4244:         [
C:\Users\JTSte\source\repos\FluidSim\FluidSim\src\Main.cpp(393,63): warning C4244:             _Ty=unsigned char
C:\Users\JTSte\source\repos\FluidSim\FluidSim\src\Main.cpp(393,63): warning C4244:         ]
C:\Users\JTSte\source\repos\FluidSim\FluidSim\src\Main.cpp(394,67): warning C4244: '=': conversion from '_Ty' to '_Ty', possible loss of data
C:\Users\JTSte\source\repos\FluidSim\FluidSim\src\Main.cpp(394,67): warning C4244:         with
C:\Users\JTSte\source\repos\FluidSim\FluidSim\src\Main.cpp(394,67): warning C4244:         [
C:\Users\JTSte\source\repos\FluidSim\FluidSim\src\Main.cpp(394,67): warning C4244:             _Ty=float
C:\Users\JTSte\source\repos\FluidSim\FluidSim\src\Main.cpp(394,67): warning C4244:         ]
C:\Users\JTSte\source\repos\FluidSim\FluidSim\src\Main.cpp(394,67): warning C4244:         and
C:\Users\JTSte\source\repos\FluidSim\FluidSim\src\Main.cpp(394,67): warning C4244:         [
C:\Users\JTSte\source\repos\FluidSim\FluidSim\src\Main.cpp(394,67): warning C4244:             _Ty=unsigned char
C:\Users\JTSte\source\repos\FluidSim\FluidSim\src\Main.cpp(394,67): warning C4244:         ]
C:\Users\JTSte\source\repos\FluidSim\FluidSim\src\Main.cpp(395,67): warning C4244: '=': conversion from '_Ty' to '_Ty', possible loss of data
C:\Users\JTSte\source\repos\FluidSim\FluidSim\src\Main.cpp(395,67): warning C4244:         with
C:\Users\JTSte\source\repos\FluidSim\FluidSim\src\Main.cpp(395,67): warning C4244:         [
C:\Users\JTSte\source\repos\FluidSim\FluidSim\src\Main.cpp(395,67): warning C4244:             _Ty=float
C:\Users\JTSte\source\repos\FluidSim\FluidSim\src\Main.cpp(395,67): warning C4244:         ]
C:\Users\JTSte\source\repos\FluidSim\FluidSim\src\Main.cpp(395,67): warning C4244:         and
C:\Users\JTSte\source\repos\FluidSim\FluidSim\src\Main.cpp(395,67): warning C4244:         [
C:\Users\JTSte\source\repos\FluidSim\FluidSim\src\Main.cpp(395,67): warning C4244:             _Ty=unsigned char
C:\Users\JTSte\source\repos\FluidSim\FluidSim\src\Main.cpp(395,67): warning C4244:         ]
C:\Users\JTSte\source\repos\FluidSim\FluidSim\src\Main.cpp(396,67): warning C4244: '=': conversion from '_Ty' to '_Ty', possible loss of data
C:\Users\JTSte\source\repos\FluidSim\FluidSim\src\Main.cpp(396,67): warning C4244:         with
C:\Users\JTSte\source\repos\FluidSim\FluidSim\src\Main.cpp(396,67): warning C4244:         [
C:\Users\JTSte\source\repos\FluidSim\FluidSim\src\Main.cpp(396,67): warning C4244:             _Ty=float
C:\Users\JTSte\source\repos\FluidSim\FluidSim\src\Main.cpp(396,67): warning C4244:         ]
C:\Users\JTSte\source\repos\FluidSim\FluidSim\src\Main.cpp(396,67): warning C4244:         and
C:\Users\JTSte\source\repos\FluidSim\FluidSim\src\Main.cpp(396,67): warning C4244:         [
C:\Users\JTSte\source\repos\FluidSim\FluidSim\src\Main.cpp(396,67): warning C4244:             _Ty=unsigned char
C:\Users\JTSte\source\repos\FluidSim\FluidSim\src\Main.cpp(396,67): warning C4244:         ]
C:\Users\JTSte\source\repos\FluidSim\FluidSim\src\Main.cpp(692,38): warning C4244: 'argument': conversion from 'float' to 'int', possible loss of data
C:\Users\JTSte\source\repos\FluidSim\FluidSim\src\Main.cpp(692,31): warning C4244: 'argument': conversion from 'float' to 'int', possible loss of data
C:\Users\JTSte\source\repos\FluidSim\FluidSim\src\Main.cpp(693,39): warning C4244: 'argument': conversion from 'float' to 'int', possible loss of data
C:\Users\JTSte\source\repos\FluidSim\FluidSim\src\Main.cpp(693,32): warning C4244: 'argument': conversion from 'float' to 'int', possible loss of data
  FluidSim.vcxproj -> C:\Users\JTSte\source\repos\FluidSim\Debug\FluidSim.exe
